  [1m[35m (109.1ms)[0m  [1m[35mCREATE DATABASE "test_work_development" ENCODING = 'unicode'[0m
  [1m[35m (36.4ms)[0m  [1m[35mCREATE DATABASE "test_work_test" ENCODING = 'unicode'[0m
Started GET "/" for ::1 at 2024-10-24 17:50:49 +0600
  [1m[35m (7.7ms)[0m  [1m[35mCREATE TABLE "schema_migrations" ("version" character varying NOT NULL PRIMARY KEY)[0m
  [1m[35m (3.6ms)[0m  [1m[35mCREATE TABLE "ar_internal_metadata" ("key" character varying NOT NULL PRIMARY KEY, "value" character varying, "created_at" timestamp(6) NOT NULL, "updated_at" timestamp(6) NOT NULL)[0m
  [1m[36mActiveRecord::SchemaMigration Load (0.5ms)[0m  [1m[34mSELECT "schema_migrations"."version" FROM "schema_migrations" ORDER BY "schema_migrations"."version" ASC[0m
Processing by Rails::WelcomeController#index as HTML
  Rendering /home/manon/.asdf/installs/ruby/3.2.2/lib/ruby/gems/3.2.0/gems/railties-7.1.4.2/lib/rails/templates/rails/welcome/index.html.erb
  Rendered /home/manon/.asdf/installs/ruby/3.2.2/lib/ruby/gems/3.2.0/gems/railties-7.1.4.2/lib/rails/templates/rails/welcome/index.html.erb (Duration: 0.7ms | Allocations: 378)
Completed 200 OK in 13ms (Views: 4.6ms | ActiveRecord: 0.0ms | Allocations: 7927)


Started GET "/articles" for ::1 at 2024-10-24 17:50:57 +0600
Processing by ArticlesController#index as HTML
  Rendering layout layouts/application.html.erb
  Rendering articles/index.html.erb within layouts/application
  Rendered articles/index.html.erb within layouts/application (Duration: 0.4ms | Allocations: 95)
  Rendered layout layouts/application.html.erb (Duration: 3.3ms | Allocations: 719)
Completed 200 OK in 7ms (Views: 5.4ms | ActiveRecord: 0.0ms | Allocations: 1643)


Started GET "/articles" for ::1 at 2024-10-24 17:55:23 +0600
  
ActionController::RoutingError (No route matches [GET] "/articles"):
  
Started GET "/articles" for ::1 at 2024-10-24 17:56:51 +0600
Processing by ArticlesController#index as HTML
  Rendering layout layouts/application.html.erb
  Rendering articles/index.html.erb within layouts/application
  Rendered articles/index.html.erb within layouts/application (Duration: 0.4ms | Allocations: 94)
  Rendered layout layouts/application.html.erb (Duration: 2.4ms | Allocations: 606)
Completed 200 OK in 6ms (Views: 4.3ms | ActiveRecord: 0.0ms | Allocations: 1505)


  [1m[35m (0.1ms)[0m  [1m[34mSELECT pg_try_advisory_lock(7506060139100758830)[0m
  [1m[36mActiveRecord::SchemaMigration Load (0.3ms)[0m  [1m[34mSELECT "schema_migrations"."version" FROM "schema_migrations" ORDER BY "schema_migrations"."version" ASC[0m
  [1m[36mActiveRecord::InternalMetadata Load (0.5ms)[0m  [1m[34mSELECT * FROM "ar_internal_metadata" WHERE "ar_internal_metadata"."key" = $1 ORDER BY "ar_internal_metadata"."key" ASC LIMIT 1[0m  [[nil, "environment"]]
  [1m[36mActiveRecord::InternalMetadata Create (5.7ms)[0m  [1m[32mINSERT INTO "ar_internal_metadata" ("key", "value", "created_at", "updated_at") VALUES ('environment', 'development', '2024-10-24 15:13:26.712156', '2024-10-24 15:13:26.712159') RETURNING "key"[0m
Migrating to CreateArticles (20241024144934)
  [1m[36mTRANSACTION (0.2ms)[0m  [1m[35mBEGIN[0m
  [1m[35m (4.4ms)[0m  [1m[35mCREATE TABLE "articles" ("id" bigserial primary key, "title" character varying, "body" text, "created_at" timestamp(6) NOT NULL, "updated_at" timestamp(6) NOT NULL)[0m
  [1m[36mActiveRecord::SchemaMigration Create (0.3ms)[0m  [1m[32mINSERT INTO "schema_migrations" ("version") VALUES ('20241024144934') RETURNING "version"[0m
  [1m[36mTRANSACTION (0.9ms)[0m  [1m[35mCOMMIT[0m
  [1m[35m (0.2ms)[0m  [1m[34mSELECT pg_advisory_unlock(7506060139100758830)[0m
  [1m[36mActiveRecord::SchemaMigration Load (0.1ms)[0m  [1m[34mSELECT "schema_migrations"."version" FROM "schema_migrations" ORDER BY "schema_migrations"."version" ASC[0m
  [1m[36mTRANSACTION (0.2ms)[0m  [1m[35mBEGIN[0m
  [1m[36mArticle Create (2.0ms)[0m  [1m[32mINSERT INTO "articles" ("title", "body", "created_at", "updated_at") VALUES ($1, $2, $3, $4) RETURNING "id"[0m  [["title", "Chatroleague"], ["body", "they are most bitch son"], ["created_at", "2024-10-24 15:17:26.432907"], ["updated_at", "2024-10-24 15:17:26.432907"]]
  [1m[36mTRANSACTION (0.8ms)[0m  [1m[35mCOMMIT[0m
